<test-run id="2" testcasecount="0" result="Passed" start-time="2022-05-27 12:41:26.671526" end-time="2022-05-27 12:41:28.563746" duration="1" total="0" passed="0" failed="0" inconclusive="0" skipped="0" asserts="0" clr-version="3.10.4 (main, Mar 23 2022, 23:05:40) [GCC 11.2.0]" engine-version="3.6.2"><command-line>/opt/pycharm-professional/plugins/python/helpers/pycharm/_jb_pytest_runner.py /home/stefan_endres/projects/shgo/shgo/tests/test__shgo.py</command-line><filter><test re="0">/home/stefan_endres/projects/shgo/shgo/tests/test__shgo.py</test></filter></test-run>